<?xml version="1.0" encoding="UTF-8"?>
<!-- Generated by org.testng.reporters.JUnitXMLReporter -->
<testsuite ignored="0" hostname="DESKTOP-RB30UFV" failures="0" tests="5" name="Default test" time="3.56" errors="0" timestamp="2022-05-24T00:13:36 IST">
  <testcase classname="com.vtiger.practice.TestNgAssertTest" name="testNGPractice2Test" time="0.528">
    <skipped/>
  </testcase> <!-- testNGPractice2Test -->
  <testcase classname="com.vtiger.practice.TestNgAssertTest" name="testNGPractice2Test" time="0.012">
    <skipped/>
  </testcase> <!-- testNGPractice2Test -->
  <testcase classname="com.vtiger.practice.TestNgAssertTest" name="testNGPractice2Test" time="0.017">
    <skipped/>
  </testcase> <!-- testNGPractice2Test -->
  <testcase classname="com.vtiger.practice.TestNgAssertTest" name="testNGPractice2Test" time="0.013">
    <skipped/>
  </testcase> <!-- testNGPractice2Test -->
  <testcase classname="com.vtiger.practice.TestNgAssertTest" name="testNGPractice2Test" time="0.016">
    <skipped/>
  </testcase> <!-- testNGPractice2Test -->
</testsuite> <!-- Default test -->
